Arguments: 
  /usr/local/bin/node /usr/local/bin/yarn add @angular/common/http

PATH: 
  /Users/administrator/Library/Android/sdk:/usr/local/bin:/usr/bin:/bin:/usr/sbin:/sbin:/Users/administrator/Library/Android/sdk

Yarn version: 
  1.22.10

Node version: 
  16.16.0

Platform: 
  darwin x64

Trace: 
  Error: https://registry.yarnpkg.com/@angular%2fcommon/http: Request "https://registry.yarnpkg.com/@angular%2fcommon/http" returned a 405
      at Request.params.callback [as _callback] (/usr/local/lib/node_modules/yarn/lib/cli.js:66997:18)
      at Request.self.callback (/usr/local/lib/node_modules/yarn/lib/cli.js:140662:22)
      at Request.emit (node:events:527:28)
      at Request.<anonymous> (/usr/local/lib/node_modules/yarn/lib/cli.js:141634:10)
      at Request.emit (node:events:527:28)
      at IncomingMessage.<anonymous> (/usr/local/lib/node_modules/yarn/lib/cli.js:141556:12)
      at Object.onceWrapper (node:events:641:28)
      at IncomingMessage.emit (node:events:539:35)
      at endReadableNT (node:internal/streams/readable:1345:12)
      at processTicksAndRejections (node:internal/process/task_queues:83:21)

npm manifest: 
  {
    "name": "interview-starter",
    "version": "0.0.0",
    "scripts": {
      "ng": "ng",
      "start": "ng serve",
      "build": "ng build",
      "watch": "ng build --watch --configuration development",
      "test": "ng test"
    },
    "private": true,
    "dependencies": {
      "@angular/animations": "^15.2.0",
      "@angular/cdk": "^15.2.6",
      "@angular/common": "^15.2.0",
      "@angular/compiler": "^15.2.0",
      "@angular/core": "^15.2.0",
      "@angular/forms": "^15.2.0",
      "@angular/material": "^15.2.6",
      "@angular/platform-browser": "^15.2.0",
      "@angular/platform-browser-dynamic": "^15.2.0",
      "@angular/router": "^15.2.0",
      "@ngrx/effects": "^15.4.0",
      "@ngrx/entity": "^15.4.0",
      "@ngrx/store": "^15.4.0",
      "@ngrx/store-devtools": "^15.4.0",
      "rxjs": "~7.8.0",
      "tslib": "^2.3.0",
      "zone.js": "~0.12.0"
    },
    "devDependencies": {
      "@angular-devkit/build-angular": "^15.2.5",
      "@angular/cli": "~15.2.5",
      "@angular/compiler-cli": "^15.2.0",
      "@types/jasmine": "~4.3.0",
      "jasmine-core": "~4.5.0",
      "karma": "~6.4.0",
      "karma-chrome-launcher": "~3.1.0",
      "karma-coverage": "~2.2.0",
      "karma-jasmine": "~5.1.0",
      "karma-jasmine-html-reporter": "~2.0.0",
      "typescript": "~4.9.4"
    }
  }

yarn manifest: 
  No manifest

Lockfile: 
  No lockfile
